<?xml version="1.0" encoding="UTF-8"?>
<!-- Generated by org.testng.reporters.JUnitReportReporter -->
<testsuite hostname="Madhurs-PC" failures="0" tests="1" name="TestNG.CrossBrowser" time="10.942" errors="0" timestamp="2024-03-16T12:27:22 IST" skipped="0">
  <testcase classname="TestNG.CrossBrowser" name="navigate1" time="10.942"/>
</testsuite> <!-- TestNG.CrossBrowser -->
