<?xml version="1.0" encoding="UTF-8"?>
<!-- Generated by org.testng.reporters.JUnitReportReporter -->
<testsuite hostname="Madhurs-PC" failures="0" tests="1" name="TestNG.ChronologicalOrder" time="0.016" errors="0" timestamp="2024-03-10T14:38:00 IST" skipped="0">
  <testcase classname="TestNG.ChronologicalOrder" name="test" time="0.016"/>
</testsuite> <!-- TestNG.ChronologicalOrder -->
