<?xml version="1.0" encoding="UTF-8"?>
<!-- Generated by org.testng.reporters.JUnitReportReporter -->
<testsuite hostname="Madhurs-PC" failures="0" tests="4" name="TestNG.PriorityTestNG" time="28.103" errors="0" timestamp="2024-03-10T12:47:53 IST" skipped="0">
  <testcase classname="TestNG.PriorityTestNG" name="redbus" time="12.557">
    <system-out>
      <![CDATA[Redbus]]>
    </system-out>
  </testcase> <!-- redbus -->
  <testcase classname="TestNG.PriorityTestNG" name="easemytrip" time="7.940">
    <system-out>
      <![CDATA[easemytrip]]>
    </system-out>
  </testcase> <!-- easemytrip -->
  <testcase classname="TestNG.PriorityTestNG" name="indimart1" time="4.030">
    <system-out>
      <![CDATA[Indiamart]]>
    </system-out>
  </testcase> <!-- indimart1 -->
  <testcase classname="TestNG.PriorityTestNG" name="indiamart" time="3.576">
    <system-out>
      <![CDATA[Indiamart]]>
    </system-out>
  </testcase> <!-- indiamart -->
  <system-out>
    <![CDATA[Redbus
easemytrip
Indiamart
Indiamart]]>
  </system-out>
</testsuite> <!-- TestNG.PriorityTestNG -->
