<?xml version="1.0" encoding="UTF-8"?>
<!-- Generated by org.testng.reporters.JUnitReportReporter -->
<testsuite hostname="Madhurs-PC" failures="0" tests="1" name="Assertions.AssertionsMethods" time="12.260" errors="0" timestamp="2024-03-17T11:14:11 IST" skipped="0">
  <testcase classname="Assertions.AssertionsMethods" name="dws" time="12.260"/>
</testsuite> <!-- Assertions.AssertionsMethods -->
