<?xml version="1.0" encoding="UTF-8"?>
<!-- Generated by org.testng.reporters.JUnitReportReporter -->
<testsuite hostname="Madhurs-PC" failures="0" tests="2" name="TestNG.TaskTestNGParameters" time="59.302" errors="0" timestamp="2024-03-16T13:11:22 IST" skipped="0">
  <testcase classname="TestNG.TaskTestNGParameters" name="meth1" time="18.585"/>
  <testcase classname="TestNG.TaskTestNGParameters" name="meth1" time="40.717"/>
</testsuite> <!-- TestNG.TaskTestNGParameters -->
