<?xml version="1.0" encoding="UTF-8"?>
<!-- Generated by org.testng.reporters.JUnitReportReporter -->
<testsuite hostname="Madhurs-PC" failures="0" tests="1" name="shoe.Adidas" time="58.377" errors="0" timestamp="2024-03-10T15:24:03 IST" skipped="0">
  <testcase classname="shoe.Adidas" name="adidas" time="58.377"/>
</testsuite> <!-- shoe.Adidas -->
