<?xml version="1.0" encoding="UTF-8"?>
<!-- Generated by org.testng.reporters.JUnitReportReporter -->
<testsuite hostname="Madhurs-PC" failures="0" tests="4" name="TestNG.Launch" time="25.155" errors="0" timestamp="2024-03-10T12:28:49 IST" skipped="0">
  <testcase classname="TestNG.Launch" name="indimart1" time="6.028">
    <system-out>
      <![CDATA[Hi hello]]>
    </system-out>
  </testcase> <!-- indimart1 -->
  <testcase classname="TestNG.Launch" name="indiamart" time="6.232">
    <system-out>
      <![CDATA[Indiamart]]>
    </system-out>
  </testcase> <!-- indiamart -->
  <testcase classname="TestNG.Launch" name="easemytrip" time="9.302">
    <system-out>
      <![CDATA[easemytrip]]>
    </system-out>
  </testcase> <!-- easemytrip -->
  <testcase classname="TestNG.Launch" name="redbus" time="3.593">
    <system-out>
      <![CDATA[Redbus]]>
    </system-out>
  </testcase> <!-- redbus -->
  <system-out>
    <![CDATA[easemytrip
Indiamart
Hi hello
Redbus]]>
  </system-out>
</testsuite> <!-- TestNG.Launch -->
