<?xml version="1.0" encoding="UTF-8"?>
<!-- Generated by org.testng.reporters.JUnitReportReporter -->
<testsuite hostname="Madhurs-PC" failures="0" tests="1" name="shoe.Nike" time="47.499" errors="0" timestamp="2024-03-10T15:24:03 IST" skipped="0">
  <testcase classname="shoe.Nike" name="nike" time="47.499"/>
</testsuite> <!-- shoe.Nike -->
