<?xml version="1.0" encoding="UTF-8"?>
<!-- Generated by org.testng.reporters.JUnitReportReporter -->
<testsuite hostname="Madhurs-PC" failures="0" tests="1" name="pom.SearchUsingPom" time="14.680" errors="0" timestamp="2024-03-17T12:47:10 IST" skipped="0">
  <testcase classname="pom.SearchUsingPom" name="dws" time="14.680"/>
</testsuite> <!-- pom.SearchUsingPom -->
