<?xml version="1.0" encoding="UTF-8"?>
<!-- Generated by org.testng.reporters.JUnitReportReporter -->
<testsuite hostname="Madhurs-PC" failures="0" tests="3" name="TestNG.Helpermethods" time="71.304" errors="0" timestamp="2024-03-10T13:19:01 IST" skipped="0">
  <testcase classname="TestNG.Helpermethods" name="redbus" time="42.548">
    <system-out>
      <![CDATA[Redbus]]>
    </system-out>
  </testcase> <!-- redbus -->
  <testcase classname="TestNG.Helpermethods" name="indiamart" time="21.063">
    <system-out>
      <![CDATA[Indiamart]]>
    </system-out>
  </testcase> <!-- indiamart -->
  <testcase classname="TestNG.Helpermethods" name="indimart1" time="7.693">
    <system-out>
      <![CDATA[Indiamart]]>
    </system-out>
  </testcase> <!-- indimart1 -->
  <system-out>
    <![CDATA[Redbus
Indiamart
Indiamart]]>
  </system-out>
</testsuite> <!-- TestNG.Helpermethods -->
