<?xml version="1.0" encoding="UTF-8"?>
<!-- Generated by org.testng.reporters.JUnitReportReporter -->
<testsuite hostname="Madhurs-PC" failures="0" tests="1" name="shoe.Reebok" time="58.346" errors="0" timestamp="2024-03-10T15:24:03 IST" skipped="0">
  <testcase classname="shoe.Reebok" name="reebok" time="58.346"/>
</testsuite> <!-- shoe.Reebok -->
