<?xml version="1.0" encoding="UTF-8"?>
<!-- Generated by org.testng.reporters.JUnitReportReporter -->
<testsuite hostname="Madhurs-PC" failures="0" tests="3" name="TestNG.DataproviderUsingApachePOI" time="73.630" errors="0" timestamp="2024-03-16T15:29:52 IST" skipped="0">
  <testcase classname="TestNG.DataproviderUsingApachePOI" name="data" time="24.621"/>
  <testcase classname="TestNG.DataproviderUsingApachePOI" name="data" time="27.369"/>
  <testcase classname="TestNG.DataproviderUsingApachePOI" name="data" time="21.640"/>
</testsuite> <!-- TestNG.DataproviderUsingApachePOI -->
