<?xml version="1.0" encoding="UTF-8"?>
<!-- Generated by org.testng.reporters.JUnitReportReporter -->
<testsuite hostname="Madhurs-PC" failures="0" tests="1" name="Assertions.AssertionPracticeSession" time="14.595" errors="0" timestamp="2024-03-17T12:13:28 IST" skipped="0">
  <testcase classname="Assertions.AssertionPracticeSession" name="dws" time="14.595"/>
</testsuite> <!-- Assertions.AssertionPracticeSession -->
