<?xml version="1.0" encoding="UTF-8"?>
<!-- Generated by org.testng.reporters.JUnitReportReporter -->
<testsuite hostname="Madhurs-PC" failures="0" tests="1" name="pom.PomCallingHomepage" time="18.997" errors="0" timestamp="2024-03-17T13:25:13 IST" skipped="0">
  <testcase classname="pom.PomCallingHomepage" name="dws" time="18.997"/>
</testsuite> <!-- pom.PomCallingHomepage -->
