<?xml version="1.0" encoding="UTF-8"?>
<!-- Generated by org.testng.reporters.JUnitReportReporter -->
<testsuite hostname="Madhurs-PC" failures="0" tests="1" name="shoe.Puma" time="54.168" errors="0" timestamp="2024-03-10T15:24:03 IST" skipped="0">
  <testcase classname="shoe.Puma" name="puma" time="54.168"/>
</testsuite> <!-- shoe.Puma -->
