<?xml version="1.0" encoding="UTF-8"?>
<!-- Generated by org.testng.reporters.JUnitReportReporter -->
<testsuite hostname="Madhurs-PC" failures="0" tests="3" name="TestNG.Parameterised" time="20.589" errors="0" timestamp="2024-03-16T12:13:55 IST" skipped="0">
  <testcase classname="TestNG.Parameterised" name="navigate1" time="5.251"/>
  <testcase classname="TestNG.Parameterised" name="navigate2" time="4.932"/>
  <testcase classname="TestNG.Parameterised" name="navigate" time="10.406"/>
</testsuite> <!-- TestNG.Parameterised -->
