<?xml version="1.0" encoding="UTF-8"?>
<!-- Generated by org.testng.reporters.JUnitReportReporter -->
<testsuite hostname="Madhurs-PC" failures="0" tests="1" name="shoe.Crocs" time="58.926" errors="0" timestamp="2024-03-10T15:24:03 IST" skipped="0">
  <testcase classname="shoe.Crocs" name="crocs" time="58.926"/>
</testsuite> <!-- shoe.Crocs -->
